<?xml version="1.0" encoding="UTF-8"?>
<!-- Generated by org.testng.reporters.JUnitReportReporter -->
<testsuite hostname="DESKTOP-997GVRM" failures="0" tests="3" name="com.TutorialNinjaTeastCase.Search" time="24.824" errors="0" timestamp="2024-12-14T10:01:46 IST" skipped="0">
  <testcase classname="com.TutorialNinjaTeastCase.Search" name="verifySerchWithValidProduct" time="7.172"/>
  <system-out/>
  <testcase classname="com.TutorialNinjaTeastCase.Search" name="verifySerchWithInValidProduct" time="8.008"/>
  <system-out/>
  <testcase classname="com.TutorialNinjaTeastCase.Search" name="verifySerchWithoutAnyProduct" time="9.644"/>
  <system-out/>
</testsuite> <!-- com.TutorialNinjaTeastCase.Search -->
