<?xml version="1.0" encoding="UTF-8"?>
<!-- Generated by org.testng.reporters.JUnitReportReporter -->
<testsuite hostname="DESKTOP-997GVRM" failures="0" tests="3" name="com.TutorialNinjaTeastCase.Register" time="29.104" errors="0" timestamp="2024-12-14T10:01:46 IST" skipped="0">
  <testcase classname="com.TutorialNinjaTeastCase.Register" name="verifyRegisterPageWithMandatoryField" time="9.107"/>
  <system-out/>
  <testcase classname="com.TutorialNinjaTeastCase.Register" name="verifyRegisterPageWithMandatoryAllField" time="10.613"/>
  <system-out/>
  <testcase classname="com.TutorialNinjaTeastCase.Register" name="verifyRegisterPageWitExistingEmailAddressWithMandatoryAllField" time="9.384"/>
  <system-out/>
</testsuite> <!-- com.TutorialNinjaTeastCase.Register -->
